2019-09-19 8:12:02 - 错误：不能调用 blog/default/!
2019-09-19 8:12:07 - 错误：不能调用 blog/default/!
2019-09-19 8:12:48 - 错误：不能回调 blog/default/!
2019-09-19 8:14:33 - 错误：不能回调 blog/default/!
2019-09-19 8:15:08 - 错误：不能回调 blog/default/!
2019-09-19 8:15:47 - 错误：不能回调 blog/default/!
2019-09-19 8:15:55 - 错误：不能回调 blog/default/!
2019-09-19 8:15:55 - 错误：不能回调 blog/default/!
2019-09-19 8:15:56 - 错误：不能回调 blog/default/!
2019-09-19 8:15:56 - 错误：不能回调 blog/default/!
2019-09-19 8:16:10 - 错误：不能回调 blog/default/!
2019-09-19 8:16:55 - 错误：不能回调 blog/default/!
2019-09-19 8:17:09 - 错误：不能回调 blog/default/!
2019-09-19 8:17:32 - 错误：不能回调 blog/default/!
2019-09-19 8:18:07 - 错误：不能回调 blog/default/!
2019-09-19 8:18:47 - 错误：不能回调 blog/default/!
2019-09-19 8:18:48 - 错误：不能回调 blog/default/!
2019-09-19 8:18:48 - 错误：不能回调 blog/default/!
2019-09-19 8:18:48 - 错误：不能回调 blog/default/!
2019-09-19 8:18:49 - 错误：不能回调 blog/default/!
2019-09-19 8:18:49 - 错误：不能回调 blog/default/!
2019-09-19 8:18:49 - 错误：不能回调 blog/default/!
2019-09-19 8:19:23 - 错误：不能回调 blog/default/!
2019-09-19 8:21:24 - 错误：不能回调 blog/default/!
2019-09-19 8:21:25 - 错误：不能回调 blog/default/!
2019-09-19 8:21:25 - 错误：不能回调 blog/default/!
2019-09-19 8:21:25 - 错误：不能回调 blog/default/!
2019-09-19 8:22:13 - 错误：不能回调 blog/default/!
2019-09-19 8:22:14 - 错误：不能回调 blog/default/!
2019-09-19 8:22:15 - 错误：不能回调 blog/default/!
2019-09-19 8:22:15 - 错误：不能回调 blog/default/!
2019-09-19 8:22:15 - 错误：不能回调 blog/default/!
2019-09-19 8:22:15 - 错误：不能回调 blog/default/!
2019-09-19 8:22:15 - 错误：不能回调 blog/default/!
2019-09-19 8:22:15 - 错误：不能回调 blog/default/!
2019-09-19 8:22:15 - 错误：不能回调 blog/default/!
2019-09-19 8:22:32 - 错误：不能回调 blog/default/!
2019-09-19 8:23:06 - 错误：不能回调 blog/default/!
2019-09-19 8:26:35 - 错误：不能回调 blog/default/!
2019-09-19 8:26:57 - 错误：不能回调 blog/default/!
2019-09-19 8:27:33 - 错误：不能回调 blog/default/!
2019-09-19 8:29:13 - 错误：不能回调 blog/default/!
2019-09-19 8:32:02 - 错误：不能回调 blog/default/！
2019-09-19 8:34:45 - 错误：不能回调 blog/default/！
2019-09-19 12:38:39 - 错误：不能回调 blog/default/！
2019-09-19 12:38:52 - 错误：不能回调 blog/default/user！
2019-09-20 12:37:48 - 错误：不能调用 blog/defautl/index/blog！
2019-09-20 12:37:52 - 错误：不能调用 blog/defautl/getdb/blog！
2019-09-20 12:38:03 - 错误：不能调用 blog/defautl/gettestdb/blog！
2019-09-20 12:38:08 - 错误：不能调用 blog/defautl/testdb/blog！
2019-09-20 12:38:21 - 错误：不能调用 blog/defautl/showuser/blog！
2019-09-20 12:38:23 - 错误：不能调用 blog/defautl/showuser/blog！
2019-09-20 12:38:23 - 错误：不能调用 blog/defautl/showuser/blog！
2019-09-20 12:38:23 - 错误：不能调用 blog/defautl/showuser/blog！
2019-09-20 12:38:23 - 错误：不能调用 blog/defautl/showuser/blog！
2019-09-20 12:38:24 - 错误：不能调用 blog/defautl/showuser/blog！
2019-09-23 1:08:24 - 函数iconv_strlen()没有找到！
2019-09-23 1:09:25 - 函数iconv_strlen()没有找到！
2019-09-24 2:43:11 - UTF-8 被禁用
2019-09-24 2:43:11 - Utf8 类已经初始化
2019-09-24 2:51:47 - UTF-8 被禁用
2019-09-24 2:51:47 - Utf8 类已经初始化
2019-09-24 2:53:03 - UTF-8 被禁用
2019-09-24 2:53:03 - Utf8 类已经初始化
2019-09-24 2:53:19 - UTF-8 被禁用
2019-09-24 2:53:19 - Utf8 类已经初始化
2019-09-24 2:54:20 - UTF-8 可用
2019-09-24 2:54:20 - Utf8 类已经初始化
2019-09-24 7:28:25 - UTF-8 可用
2019-09-24 7:28:25 - Utf8 类已经初始化
2019-09-24 7:29:02 - UTF-8 可用
2019-09-24 7:29:02 - Utf8 类已经初始化
2019-09-24 7:30:21 - UTF-8 可用
2019-09-24 7:30:21 - Utf8 类已经初始化
2019-09-24 7:30:36 - UTF-8 可用
2019-09-24 7:30:36 - Utf8 类已经初始化
2019-09-24 7:31:32 - UTF-8 可用
2019-09-24 7:31:32 - Utf8 类已经初始化
2019-09-24 7:33:20 - UTF-8 可用
2019-09-24 7:33:20 - Utf8 类已经初始化
2019-09-24 7:35:55 - UTF-8 可用
2019-09-24 7:35:55 - Utf8 类已经初始化
2019-09-24 7:37:27 - UTF-8 可用
2019-09-24 7:37:27 - Utf8 类已经初始化
2019-09-24 7:38:45 - UTF-8 可用
2019-09-24 7:38:45 - Utf8 类已经初始化
2019-09-24 7:38:56 - UTF-8 可用
2019-09-24 7:38:56 - Utf8 类已经初始化
2019-09-24 7:39:15 - UTF-8 可用
2019-09-24 7:39:15 - Utf8 类已经初始化
2019-09-24 7:39:24 - UTF-8 可用
2019-09-24 7:39:24 - Utf8 类已经初始化
